\BOOKMARK [0][-]{section*.2}{Monte Carlo Hauser-Feshbach computer code system to model nuclear reactions: YAHFC }{}% 2
\BOOKMARK [1][-]{section*.1}{Abstract}{section*.2}% 1
\BOOKMARK [1][-]{section*.3}{Introduction}{section*.2}% 3
\BOOKMARK [1][-]{section*.4}{Installation and Execution}{section*.2}% 4
\BOOKMARK [2][-]{section*.5}{Input Command Structure}{section*.4}% 5
\BOOKMARK [1][-]{section*.6}{Basic Physics Concepts}{section*.2}% 6
\BOOKMARK [2][-]{section*.7}{Formation Probability}{section*.6}% 7
\BOOKMARK [2][-]{section*.8}{Pre-equilibrium Emission}{section*.6}% 8
\BOOKMARK [2][-]{section*.9}{Compound Nucleus Decay}{section*.6}% 9
\BOOKMARK [2][-]{section*.10}{Primary Decay}{section*.6}% 10
\BOOKMARK [1][-]{section*.11}{Nuclear Models}{section*.2}% 11
\BOOKMARK [2][-]{section*.12}{Nuclear Level Density}{section*.11}% 12
\BOOKMARK [3][-]{section*.13}{Level Density Options}{section*.12}% 13
\BOOKMARK [3][-]{section*.14}{Collective Enhancement Factors}{section*.12}% 14
\BOOKMARK [3][-]{section*.15}{Experimental Level Spacings}{section*.12}% 15
\BOOKMARK [3][-]{section*.16}{Discrete States}{section*.12}% 16
\BOOKMARK [2][-]{section*.17}{Transmission Coefficients}{section*.11}% 17
\BOOKMARK [3][-]{section*.18}{Particle Transmission Coefficients}{section*.17}% 18
\BOOKMARK [3][-]{section*.19}{Gamma Transmission Coefficients}{section*.17}% 19
\BOOKMARK [3][-]{section*.20}{Fission Transmission Coefficients}{section*.17}% 20
\BOOKMARK [1][-]{section*.21}{Monte Carlo Decay}{section*.2}% 21
\BOOKMARK [1][-]{section*.22}{Monte Carlo Events}{section*.2}% 22
\BOOKMARK [1][-]{section*.23}{Data Libraries}{section*.2}% 23
\BOOKMARK [1][-]{section*.24}{Parallel Computing}{section*.2}% 24
\BOOKMARK [1][-]{section*.25}{Numerical Performance}{section*.2}% 25
\BOOKMARK [1][-]{section*.26}{Manual Input of Initial Populations}{section*.2}% 26
\BOOKMARK [1][-]{section*.27}{Pre-equilibrium Parameters}{section*.2}% 27
\BOOKMARK [1][-]{section*.28}{Input Commands}{section*.2}% 28
\BOOKMARK [1][-]{section*.29}{References}{section*.2}% 29
